[debug] [2023-04-29T11:23:18.692Z] ----------------------------------------------------------------------
[debug] [2023-04-29T11:23:18.706Z] Command:       C:\Program Files\nodejs\node.exe C:\Users\abdul\AppData\Roaming\npm\node_modules\firebase-tools\lib\bin\firebase.js emulators:start
[debug] [2023-04-29T11:23:18.710Z] CLI Version:   11.29.1
[debug] [2023-04-29T11:23:18.712Z] Platform:      win32
[debug] [2023-04-29T11:23:18.713Z] Node Version:  v18.14.0
[debug] [2023-04-29T11:23:18.727Z] Time:          Sat Apr 29 2023 14:23:18 GMT+0300 (East Africa Time)
[debug] [2023-04-29T11:23:18.730Z] ----------------------------------------------------------------------
[debug] 
[debug] [2023-04-29T11:23:19.584Z] > command requires scopes: ["email","openid","https://www.googleapis.com/auth/cloudplatformprojects.readonly","https://www.googleapis.com/auth/firebase","https://www.googleapis.com/auth/cloud-platform"]
[debug] [2023-04-29T11:23:19.584Z] > authorizing via signed-in user (abdulyenus@gmail.com)
[info] i  emulators: Starting emulators: functions, hosting {"metadata":{"emulator":{"name":"hub"},"message":"Starting emulators: functions, hosting"}}
[debug] [2023-04-29T11:23:19.607Z] [logging] Logging Emulator only supports listening on one address (127.0.0.1). Not listening on ::1
[debug] [2023-04-29T11:23:19.608Z] [hosting] Hosting Emulator only supports listening on one address (127.0.0.1). Not listening on ::1
[debug] [2023-04-29T11:23:19.608Z] assigned listening specs for emulators {"user":{"hub":[{"address":"127.0.0.1","family":"IPv4","port":4400},{"address":"::1","family":"IPv6","port":4400}],"ui":[{"address":"127.0.0.1","family":"IPv4","port":4000},{"address":"::1","family":"IPv6","port":4000}],"logging":[{"address":"127.0.0.1","family":"IPv4","port":4500}],"hosting":[{"address":"127.0.0.1","family":"IPv4","port":5000}]},"metadata":{"message":"assigned listening specs for emulators"}}
[debug] [2023-04-29T11:23:19.630Z] [hub] writing locator at C:\Users\abdul\AppData\Local\Temp\hub-clone-9c0d8.json
[debug] [2023-04-29T11:23:19.715Z] [functions] Functions Emulator only supports listening on one address (127.0.0.1). Not listening on ::1
[debug] [2023-04-29T11:23:19.716Z] [eventarc] Eventarc Emulator only supports listening on one address (127.0.0.1). Not listening on ::1
[debug] [2023-04-29T11:23:19.716Z] late-assigned ports for functions and eventarc emulators {"user":{"hub":[{"address":"127.0.0.1","family":"IPv4","port":4400},{"address":"::1","family":"IPv6","port":4400}],"ui":[{"address":"127.0.0.1","family":"IPv4","port":4000},{"address":"::1","family":"IPv6","port":4000}],"logging":[{"address":"127.0.0.1","family":"IPv4","port":4500}],"hosting":[{"address":"127.0.0.1","family":"IPv4","port":5000}],"functions":[{"address":"127.0.0.1","family":"IPv4","port":5001}],"eventarc":[{"address":"127.0.0.1","family":"IPv4","port":9299}]},"metadata":{"message":"late-assigned ports for functions and eventarc emulators"}}
[warn] !  functions: The following emulators are not running, calls to these services from the Functions emulator will affect production: auth, firestore, database, pubsub, storage {"metadata":{"emulator":{"name":"functions"},"message":"The following emulators are not running, calls to these services from the Functions emulator will affect production: \u001b[1mauth, firestore, database, pubsub, storage\u001b[22m"}}
[debug] [2023-04-29T11:23:19.756Z] defaultcredentials: writing to file C:\Users\abdul\AppData\Roaming\firebase\abdulyenus_gmail_com_application_default_credentials.json
[debug] [2023-04-29T11:23:19.876Z] Setting GAC to C:\Users\abdul\AppData\Roaming\firebase\abdulyenus_gmail_com_application_default_credentials.json {"metadata":{"emulator":{"name":"functions"},"message":"Setting GAC to C:\\Users\\abdul\\AppData\\Roaming\\firebase\\abdulyenus_gmail_com_application_default_credentials.json"}}
[debug] [2023-04-29T11:23:19.887Z] > refreshing access token with scopes: []
[debug] [2023-04-29T11:23:19.901Z] >>> [apiv2][query] POST https://www.googleapis.com/oauth2/v3/token [none]
[debug] [2023-04-29T11:23:19.902Z] >>> [apiv2][body] POST https://www.googleapis.com/oauth2/v3/token [omitted]
[debug] [2023-04-29T11:23:20.429Z] <<< [apiv2][status] POST https://www.googleapis.com/oauth2/v3/token 200
[debug] [2023-04-29T11:23:20.429Z] <<< [apiv2][body] POST https://www.googleapis.com/oauth2/v3/token [omitted]
[debug] [2023-04-29T11:23:20.752Z] >>> [apiv2][query] GET https://firebase.googleapis.com/v1beta1/projects/clone-9c0d8/adminSdkConfig [none]
[debug] [2023-04-29T11:23:21.798Z] <<< [apiv2][status] GET https://firebase.googleapis.com/v1beta1/projects/clone-9c0d8/adminSdkConfig 200
[debug] [2023-04-29T11:23:21.798Z] <<< [apiv2][body] GET https://firebase.googleapis.com/v1beta1/projects/clone-9c0d8/adminSdkConfig {"projectId":"clone-9c0d8","storageBucket":"clone-9c0d8.appspot.com"}
[debug] [2023-04-29T11:23:22.250Z] >>> [apiv2][query] GET https://firebasehosting.googleapis.com/v1beta1/projects/clone-9c0d8/sites 
[debug] [2023-04-29T11:23:24.263Z] <<< [apiv2][status] GET https://firebasehosting.googleapis.com/v1beta1/projects/clone-9c0d8/sites 200
[debug] [2023-04-29T11:23:24.264Z] <<< [apiv2][body] GET https://firebasehosting.googleapis.com/v1beta1/projects/clone-9c0d8/sites {"sites":[{"name":"projects/clone-9c0d8/sites/clone-9c0d8","defaultUrl":"https://clone-9c0d8.web.app","appId":"1:424473358106:web:825c0692855637abb806a3","type":"DEFAULT_SITE"}]}
[debug] [2023-04-29T11:23:24.266Z] >>> [apiv2][query] GET https://firebase.googleapis.com/v1beta1/projects/clone-9c0d8/webApps/1:424473358106:web:825c0692855637abb806a3/config [none]
[debug] [2023-04-29T11:23:25.696Z] <<< [apiv2][status] GET https://firebase.googleapis.com/v1beta1/projects/clone-9c0d8/webApps/1:424473358106:web:825c0692855637abb806a3/config 200
[debug] [2023-04-29T11:23:25.697Z] <<< [apiv2][body] GET https://firebase.googleapis.com/v1beta1/projects/clone-9c0d8/webApps/1:424473358106:web:825c0692855637abb806a3/config {"projectId":"clone-9c0d8","appId":"1:424473358106:web:825c0692855637abb806a3","storageBucket":"clone-9c0d8.appspot.com","apiKey":"AIzaSyBH6qKL_Jk1UH290rAQlhoMdQqNq5jrS1M","authDomain":"clone-9c0d8.firebaseapp.com","messagingSenderId":"424473358106"}
[debug] [2023-04-29T11:23:25.801Z] >>> [apiv2][query] GET https://firebase.googleapis.com/v1beta1/projects/clone-9c0d8 [none]
[debug] [2023-04-29T11:23:26.712Z] <<< [apiv2][status] GET https://firebase.googleapis.com/v1beta1/projects/clone-9c0d8 200
[debug] [2023-04-29T11:23:26.712Z] <<< [apiv2][body] GET https://firebase.googleapis.com/v1beta1/projects/clone-9c0d8 {"projectId":"clone-9c0d8","projectNumber":"424473358106","displayName":"Amazon-clone","name":"projects/clone-9c0d8","resources":{"hostingSite":"clone-9c0d8"},"state":"ACTIVE","etag":"1_7e374b3d-ef83-4be0-a8e9-77313cedc1cc"}
[info] i  hosting[clone-9c0d8]: Serving hosting files from: build {"metadata":{"emulator":{"name":"hosting"},"message":"Serving hosting files from: \u001b[1mbuild\u001b[22m"}}
[info] +  hosting[clone-9c0d8]: Local server: http://127.0.0.1:5000 {"metadata":{"emulator":{"name":"hosting"},"message":"Local server: \u001b[4m\u001b[1mhttp://127.0.0.1:5000\u001b[22m\u001b[24m"}}
[debug] [2023-04-29T11:23:26.961Z] Ignoring unsupported arg: auto_download {"metadata":{"emulator":{"name":"ui"},"message":"Ignoring unsupported arg: auto_download"}}
[debug] [2023-04-29T11:23:26.962Z] Ignoring unsupported arg: port {"metadata":{"emulator":{"name":"ui"},"message":"Ignoring unsupported arg: port"}}
[debug] [2023-04-29T11:23:26.962Z] Starting Emulator UI with command {"binary":"node","args":["C:\\Users\\abdul\\.cache\\firebase\\emulators\\ui-v1.11.5\\server\\server.js"],"optionalArgs":[],"joinArgs":false} {"metadata":{"emulator":{"name":"ui"},"message":"Starting Emulator UI with command {\"binary\":\"node\",\"args\":[\"C:\\\\Users\\\\abdul\\\\.cache\\\\firebase\\\\emulators\\\\ui-v1.11.5\\\\server\\\\server.js\"],\"optionalArgs\":[],\"joinArgs\":false}"}}
[info] i  ui: Emulator UI logging to ui-debug.log {"metadata":{"emulator":{"name":"ui"},"message":"Emulator UI logging to \u001b[1mui-debug.log\u001b[22m"}}
[debug] [2023-04-29T11:23:27.303Z] Web / API server started at 127.0.0.1:4000
 {"metadata":{"emulator":{"name":"ui"},"message":"Web / API server started at 127.0.0.1:4000\n"}}
[debug] [2023-04-29T11:23:27.305Z] Web / API server started at ::1:4000
 {"metadata":{"emulator":{"name":"ui"},"message":"Web / API server started at ::1:4000\n"}}
[info] i  functions: Watching "C:\Users\abdul\Desktop\Evangadi\phase3\Amazon\amazone\functions" for Cloud Functions... {"metadata":{"emulator":{"name":"functions"},"message":"Watching \"C:\\Users\\abdul\\Desktop\\Evangadi\\phase3\\Amazon\\amazone\\functions\" for Cloud Functions..."}}
[debug] [2023-04-29T11:23:27.563Z] Validating nodejs source
[debug] [2023-04-29T11:23:30.829Z] > [functions] package.json contents: {
  "name": "functions",
  "description": "Cloud Functions for Firebase",
  "scripts": {
    "lint": "eslint .",
    "serve": "firebase emulators:start --only functions",
    "shell": "firebase functions:shell",
    "start": "npm run shell",
    "deploy": "firebase deploy --only functions",
    "logs": "firebase functions:log"
  },
  "engines": {
    "node": "16"
  },
  "main": "index.js",
  "dependencies": {
    "axios": "^1.3.6",
    "cors": "^2.8.5",
    "express": "^4.18.2",
    "firebase-admin": "^11.5.0",
    "firebase-functions": "^4.2.0",
    "react": "^18.2.0",
    "stripe": "^12.2.0"
  },
  "devDependencies": {
    "eslint": "^8.15.0",
    "eslint-config-google": "^0.14.0",
    "firebase-functions-test": "^3.0.0"
  },
  "private": true
}
[debug] [2023-04-29T11:23:30.829Z] Building nodejs source
[debug] [2023-04-29T11:23:30.830Z] Failed to find version of module node: reached end of search path C:\Users\abdul\Desktop\Evangadi\phase3\Amazon\amazone\functions\node_modules
[warn] !  functions: Your requested "node" version "16" doesn't match your global version "18". Using node@18 from host. 
[debug] [2023-04-29T11:23:30.834Z] Could not find functions.yaml. Must use http discovery
[debug] [2023-04-29T11:23:31.021Z] Found firebase-functions binary at 'C:\Users\abdul\Desktop\Evangadi\phase3\Amazon\amazone\functions\node_modules\.bin\firebase-functions'
[debug] [2023-04-29T11:23:34.145Z] Serving at port 8606

[debug] [2023-04-29T11:23:48.448Z] Got response from /__/functions.yaml {"endpoints":{"api":{"platform":"gcfv1","availableMemoryMb":null,"timeoutSeconds":null,"minInstances":null,"maxInstances":null,"ingressSettings":null,"serviceAccountEmail":null,"vpc":null,"httpsTrigger":{},"entryPoint":"api"}},"specVersion":"v1alpha1","requiredAPIs":[]}
[debug] [2023-04-29T11:23:48.495Z] shutdown requested via /__/quitquitquit

[info] +  functions: Loaded functions definitions from source: api. {"metadata":{"emulator":{"name":"functions"},"message":"Loaded functions definitions from source: api."}}
[info] +  functions[us-central1-api]: http function initialized (http://127.0.0.1:5001/clone-9c0d8/us-central1/api). {"metadata":{"emulator":{"name":"functions"},"message":"\u001b[1mhttp\u001b[22m function initialized (http://127.0.0.1:5001/clone-9c0d8/us-central1/api)."}}
[info] 
┌─────────────────────────────────────────────────────────────┐
│ ✔  All emulators ready! It is now safe to connect your app. │
│ i  View Emulator UI at http://127.0.0.1:4000/               │
└─────────────────────────────────────────────────────────────┘

┌───────────┬────────────────┬─────────────────────────────────┐
│ Emulator  │ Host:Port      │ View in Emulator UI             │
├───────────┼────────────────┼─────────────────────────────────┤
│ Functions │ 127.0.0.1:5001 │ http://127.0.0.1:4000/functions │
├───────────┼────────────────┼─────────────────────────────────┤
│ Hosting   │ 127.0.0.1:5000 │ n/a                             │
└───────────┴────────────────┴─────────────────────────────────┘
  Emulator Hub running at 127.0.0.1:4400
  Other reserved ports: 4500

Issues? Report them at https://github.com/firebase/firebase-tools/issues and attach the *-debug.log files.
 
[debug] [2023-04-29T11:46:04.625Z] [work-queue] {"queuedWork":["/clone-9c0d8/us-central1/api/payments/create-2023-04-29T11:46:04.624Z"],"queueLength":1,"runningWork":[],"workRunningCount":0}
[debug] [2023-04-29T11:46:04.627Z] [work-queue] {"queuedWork":[],"queueLength":0,"runningWork":["/clone-9c0d8/us-central1/api/payments/create-2023-04-29T11:46:04.624Z"],"workRunningCount":1}
[debug] [2023-04-29T11:46:04.628Z] Accepted request POST /clone-9c0d8/us-central1/api/payments/create?total=169397 --> us-central1-api
[debug] [2023-04-29T11:46:04.686Z] [functions] Runtime ready! Sending request! {"metadata":{"emulator":{"name":"functions"},"message":"[functions] Runtime ready! Sending request!"}}
[debug] [2023-04-29T11:46:04.687Z] [functions] Got req.url=/clone-9c0d8/us-central1/api/payments/create?total=169397, mapping to path=/payments/create?total=169397 {"metadata":{"emulator":{"name":"functions"},"message":"[functions] Got req.url=/clone-9c0d8/us-central1/api/payments/create?total=169397, mapping to path=/payments/create?total=169397"}}
[debug] [2023-04-29T11:46:04.710Z] [worker-pool] addWorker(us-central1-api) {"metadata":{"emulator":{"name":"functions"},"message":"[worker-pool] addWorker(us-central1-api)"}}
[debug] [2023-04-29T11:46:04.711Z] [worker-pool] Adding worker with key us-central1-api, total=1 {"metadata":{"emulator":{"name":"functions"},"message":"[worker-pool] Adding worker with key us-central1-api, total=1"}}
[debug] [2023-04-29T11:46:07.984Z] [runtime-status] [9320] Resolved module firebase-admin {"declared":true,"installed":true,"version":"11.7.0","resolution":"C:\\Users\\abdul\\Desktop\\Evangadi\\phase3\\Amazon\\amazone\\functions\\node_modules\\firebase-admin\\lib\\index.js"} {"metadata":{"emulator":{"name":"functions"},"function":{"name":"us-central1-api"},"extension":{},"message":"[runtime-status] [9320] Resolved module firebase-admin {\"declared\":true,\"installed\":true,\"version\":\"11.7.0\",\"resolution\":\"C:\\\\Users\\\\abdul\\\\Desktop\\\\Evangadi\\\\phase3\\\\Amazon\\\\amazone\\\\functions\\\\node_modules\\\\firebase-admin\\\\lib\\\\index.js\"}"}}
[debug] [2023-04-29T11:46:07.988Z] [runtime-status] [9320] Resolved module firebase-functions {"declared":true,"installed":true,"version":"4.3.1","resolution":"C:\\Users\\abdul\\Desktop\\Evangadi\\phase3\\Amazon\\amazone\\functions\\node_modules\\firebase-functions\\lib\\v1\\index.js"} {"metadata":{"emulator":{"name":"functions"},"function":{"name":"us-central1-api"},"extension":{},"message":"[runtime-status] [9320] Resolved module firebase-functions {\"declared\":true,\"installed\":true,\"version\":\"4.3.1\",\"resolution\":\"C:\\\\Users\\\\abdul\\\\Desktop\\\\Evangadi\\\\phase3\\\\Amazon\\\\amazone\\\\functions\\\\node_modules\\\\firebase-functions\\\\lib\\\\v1\\\\index.js\"}"}}
[debug] [2023-04-29T11:46:07.990Z] [runtime-status] [9320] Outgoing network have been stubbed. [{"name":"http","status":"mocked"},{"name":"http","status":"mocked"},{"name":"https","status":"mocked"},{"name":"https","status":"mocked"},{"name":"net","status":"mocked"}] {"metadata":{"emulator":{"name":"functions"},"function":{"name":"us-central1-api"},"extension":{},"message":"[runtime-status] [9320] Outgoing network have been stubbed. [{\"name\":\"http\",\"status\":\"mocked\"},{\"name\":\"http\",\"status\":\"mocked\"},{\"name\":\"https\",\"status\":\"mocked\"},{\"name\":\"https\",\"status\":\"mocked\"},{\"name\":\"net\",\"status\":\"mocked\"}]"}}
[debug] [2023-04-29T11:46:07.994Z] [runtime-status] [9320] Resolved module firebase-functions {"declared":true,"installed":true,"version":"4.3.1","resolution":"C:\\Users\\abdul\\Desktop\\Evangadi\\phase3\\Amazon\\amazone\\functions\\node_modules\\firebase-functions\\lib\\v1\\index.js"} {"metadata":{"emulator":{"name":"functions"},"function":{"name":"us-central1-api"},"extension":{},"message":"[runtime-status] [9320] Resolved module firebase-functions {\"declared\":true,\"installed\":true,\"version\":\"4.3.1\",\"resolution\":\"C:\\\\Users\\\\abdul\\\\Desktop\\\\Evangadi\\\\phase3\\\\Amazon\\\\amazone\\\\functions\\\\node_modules\\\\firebase-functions\\\\lib\\\\v1\\\\index.js\"}"}}
[debug] [2023-04-29T11:46:08.542Z] [runtime-status] [9320] Checked functions.config() {"config":{}} {"metadata":{"emulator":{"name":"functions"},"function":{"name":"us-central1-api"},"extension":{},"message":"[runtime-status] [9320] Checked functions.config() {\"config\":{}}"}}
[debug] [2023-04-29T11:46:08.542Z] [runtime-status] [9320] firebase-functions has been stubbed. {"functionsResolution":{"declared":true,"installed":true,"version":"4.3.1","resolution":"C:\\Users\\abdul\\Desktop\\Evangadi\\phase3\\Amazon\\amazone\\functions\\node_modules\\firebase-functions\\lib\\v1\\index.js"}} {"metadata":{"emulator":{"name":"functions"},"function":{"name":"us-central1-api"},"extension":{},"message":"[runtime-status] [9320] firebase-functions has been stubbed. {\"functionsResolution\":{\"declared\":true,\"installed\":true,\"version\":\"4.3.1\",\"resolution\":\"C:\\\\Users\\\\abdul\\\\Desktop\\\\Evangadi\\\\phase3\\\\Amazon\\\\amazone\\\\functions\\\\node_modules\\\\firebase-functions\\\\lib\\\\v1\\\\index.js\"}}"}}
[debug] [2023-04-29T11:46:08.544Z] [runtime-status] [9320] Resolved module firebase-functions {"declared":true,"installed":true,"version":"4.3.1","resolution":"C:\\Users\\abdul\\Desktop\\Evangadi\\phase3\\Amazon\\amazone\\functions\\node_modules\\firebase-functions\\lib\\v1\\index.js"} {"metadata":{"emulator":{"name":"functions"},"function":{"name":"us-central1-api"},"extension":{},"message":"[runtime-status] [9320] Resolved module firebase-functions {\"declared\":true,\"installed\":true,\"version\":\"4.3.1\",\"resolution\":\"C:\\\\Users\\\\abdul\\\\Desktop\\\\Evangadi\\\\phase3\\\\Amazon\\\\amazone\\\\functions\\\\node_modules\\\\firebase-functions\\\\lib\\\\v1\\\\index.js\"}"}}
[debug] [2023-04-29T11:46:08.547Z] [runtime-status] [9320] Resolved module firebase-admin {"declared":true,"installed":true,"version":"11.7.0","resolution":"C:\\Users\\abdul\\Desktop\\Evangadi\\phase3\\Amazon\\amazone\\functions\\node_modules\\firebase-admin\\lib\\index.js"} {"metadata":{"emulator":{"name":"functions"},"function":{"name":"us-central1-api"},"extension":{},"message":"[runtime-status] [9320] Resolved module firebase-admin {\"declared\":true,\"installed\":true,\"version\":\"11.7.0\",\"resolution\":\"C:\\\\Users\\\\abdul\\\\Desktop\\\\Evangadi\\\\phase3\\\\Amazon\\\\amazone\\\\functions\\\\node_modules\\\\firebase-admin\\\\lib\\\\index.js\"}"}}
[debug] [2023-04-29T11:46:08.608Z] [runtime-status] [9320] Resolved module firebase-functions {"declared":true,"installed":true,"version":"4.3.1","resolution":"C:\\Users\\abdul\\Desktop\\Evangadi\\phase3\\Amazon\\amazone\\functions\\node_modules\\firebase-functions\\lib\\v1\\index.js"} {"metadata":{"emulator":{"name":"functions"},"function":{"name":"us-central1-api"},"extension":{},"message":"[runtime-status] [9320] Resolved module firebase-functions {\"declared\":true,\"installed\":true,\"version\":\"4.3.1\",\"resolution\":\"C:\\\\Users\\\\abdul\\\\Desktop\\\\Evangadi\\\\phase3\\\\Amazon\\\\amazone\\\\functions\\\\node_modules\\\\firebase-functions\\\\lib\\\\v1\\\\index.js\"}"}}
[debug] [2023-04-29T11:46:08.610Z] [runtime-status] [9320] firebase-admin has been stubbed. {"adminResolution":{"declared":true,"installed":true,"version":"11.7.0","resolution":"C:\\Users\\abdul\\Desktop\\Evangadi\\phase3\\Amazon\\amazone\\functions\\node_modules\\firebase-admin\\lib\\index.js"}} {"metadata":{"emulator":{"name":"functions"},"function":{"name":"us-central1-api"},"extension":{},"message":"[runtime-status] [9320] firebase-admin has been stubbed. {\"adminResolution\":{\"declared\":true,\"installed\":true,\"version\":\"11.7.0\",\"resolution\":\"C:\\\\Users\\\\abdul\\\\Desktop\\\\Evangadi\\\\phase3\\\\Amazon\\\\amazone\\\\functions\\\\node_modules\\\\firebase-admin\\\\lib\\\\index.js\"}}"}}
[debug] [2023-04-29T11:46:09.057Z] [runtime-status] [9320] Functions runtime initialized. {"cwd":"C:\\Users\\abdul\\Desktop\\Evangadi\\phase3\\Amazon\\amazone\\functions","node_version":"18.14.0"} {"metadata":{"emulator":{"name":"functions"},"function":{"name":"us-central1-api"},"extension":{},"message":"[runtime-status] [9320] Functions runtime initialized. {\"cwd\":\"C:\\\\Users\\\\abdul\\\\Desktop\\\\Evangadi\\\\phase3\\\\Amazon\\\\amazone\\\\functions\",\"node_version\":\"18.14.0\"}"}}
[debug] [2023-04-29T11:46:09.058Z] [runtime-status] [9320] Listening to port: \\?\pipe\fire_emu_800c8a9ada1e0f55 {"metadata":{"emulator":{"name":"functions"},"function":{"name":"us-central1-api"},"extension":{},"message":"[runtime-status] [9320] Listening to port: \\\\?\\pipe\\fire_emu_800c8a9ada1e0f55"}}
[debug] [2023-04-29T11:46:09.095Z] [worker-us-central1-api-61977949-3ee1-4e1c-8f46-529a302d46f9]: IDLE {"metadata":{"emulator":{"name":"functions"},"function":{"name":"us-central1-api"},"extension":{},"message":"[worker-us-central1-api-61977949-3ee1-4e1c-8f46-529a302d46f9]: IDLE"}}
[debug] [2023-04-29T11:46:09.096Z] [worker-pool] submitRequest(triggerId=us-central1-api) {"metadata":{"emulator":{"name":"functions"},"message":"[worker-pool] submitRequest(triggerId=us-central1-api)"}}
[info] i  functions: Beginning execution of "us-central1-api" {"metadata":{"emulator":{"name":"functions"},"function":{"name":"us-central1-api"},"extension":{},"message":"Beginning execution of \"us-central1-api\""}}
[debug] [2023-04-29T11:46:09.098Z] [worker-us-central1-api-61977949-3ee1-4e1c-8f46-529a302d46f9]: BUSY {"metadata":{"emulator":{"name":"functions"},"function":{"name":"us-central1-api"},"extension":{},"message":"[worker-us-central1-api-61977949-3ee1-4e1c-8f46-529a302d46f9]: BUSY"}}
[info] >  Payment Request Recieved for this amount >>>  169397 {"user":"Payment Request Recieved for this amount >>>  169397","metadata":{"emulator":{"name":"functions"},"function":{"name":"us-central1-api"},"extension":{},"message":"\u001b[90m> \u001b[39m Payment Request Recieved for this amount >>>  169397"}}
[info] i  functions: Finished "us-central1-api" in 2021.3998ms {"metadata":{"emulator":{"name":"functions"},"function":{"name":"us-central1-api"},"extension":{},"message":"Finished \"us-central1-api\" in 2021.3998ms"}}
[debug] [2023-04-29T11:46:11.122Z] [worker-us-central1-api-61977949-3ee1-4e1c-8f46-529a302d46f9]: IDLE {"metadata":{"emulator":{"name":"functions"},"function":{"name":"us-central1-api"},"extension":{},"message":"[worker-us-central1-api-61977949-3ee1-4e1c-8f46-529a302d46f9]: IDLE"}}
[debug] [2023-04-29T11:46:11.124Z] [work-queue] {"queuedWork":[],"queueLength":0,"runningWork":[],"workRunningCount":0}
[debug] [2023-04-29T11:47:54.955Z] [work-queue] {"queuedWork":["/clone-9c0d8/us-central1/api/payments/create-2023-04-29T11:47:54.955Z"],"queueLength":1,"runningWork":[],"workRunningCount":0}
[debug] [2023-04-29T11:47:54.956Z] [work-queue] {"queuedWork":[],"queueLength":0,"runningWork":["/clone-9c0d8/us-central1/api/payments/create-2023-04-29T11:47:54.955Z"],"workRunningCount":1}
[debug] [2023-04-29T11:47:54.956Z] Accepted request POST /clone-9c0d8/us-central1/api/payments/create?total=109498 --> us-central1-api
[debug] [2023-04-29T11:47:54.967Z] [functions] Runtime ready! Sending request! {"metadata":{"emulator":{"name":"functions"},"message":"[functions] Runtime ready! Sending request!"}}
[debug] [2023-04-29T11:47:54.968Z] [functions] Got req.url=/clone-9c0d8/us-central1/api/payments/create?total=109498, mapping to path=/payments/create?total=109498 {"metadata":{"emulator":{"name":"functions"},"message":"[functions] Got req.url=/clone-9c0d8/us-central1/api/payments/create?total=109498, mapping to path=/payments/create?total=109498"}}
[debug] [2023-04-29T11:47:54.968Z] [worker-pool] submitRequest(triggerId=us-central1-api) {"metadata":{"emulator":{"name":"functions"},"message":"[worker-pool] submitRequest(triggerId=us-central1-api)"}}
[info] i  functions: Beginning execution of "us-central1-api" {"metadata":{"emulator":{"name":"functions"},"function":{"name":"us-central1-api"},"extension":{},"message":"Beginning execution of \"us-central1-api\""}}
[debug] [2023-04-29T11:47:54.970Z] [worker-us-central1-api-61977949-3ee1-4e1c-8f46-529a302d46f9]: BUSY {"metadata":{"emulator":{"name":"functions"},"function":{"name":"us-central1-api"},"extension":{},"message":"[worker-us-central1-api-61977949-3ee1-4e1c-8f46-529a302d46f9]: BUSY"}}
[info] >  Payment Request Recieved for this amount >>>  109498 {"user":"Payment Request Recieved for this amount >>>  109498","metadata":{"emulator":{"name":"functions"},"function":{"name":"us-central1-api"},"extension":{},"message":"\u001b[90m> \u001b[39m Payment Request Recieved for this amount >>>  109498"}}
[info] i  functions: Finished "us-central1-api" in 913.9791ms {"metadata":{"emulator":{"name":"functions"},"function":{"name":"us-central1-api"},"extension":{},"message":"Finished \"us-central1-api\" in 913.9791ms"}}
[debug] [2023-04-29T11:47:55.893Z] [worker-us-central1-api-61977949-3ee1-4e1c-8f46-529a302d46f9]: IDLE {"metadata":{"emulator":{"name":"functions"},"function":{"name":"us-central1-api"},"extension":{},"message":"[worker-us-central1-api-61977949-3ee1-4e1c-8f46-529a302d46f9]: IDLE"}}
[debug] [2023-04-29T11:47:55.894Z] [work-queue] {"queuedWork":[],"queueLength":0,"runningWork":[],"workRunningCount":0}
[debug] [2023-04-29T14:01:14.600Z] Received signal SIGHUP 1
